0 info it worked if it ends with ok
1 verbose cli [ '/usr/local/bin/node', '/usr/local/bin/npm', 'install' ]
2 info using npm@3.10.9
3 info using node@v6.9.2
4 silly loadCurrentTree Starting
5 silly install loadCurrentTree
6 silly install readLocalPackageData
7 silly install normalizeTree
8 silly loadCurrentTree Finishing
9 silly loadIdealTree Starting
10 silly install loadIdealTree
11 silly cloneCurrentTree Starting
12 silly install cloneCurrentTreeToIdealTree
13 silly cloneCurrentTree Finishing
14 silly loadShrinkwrap Starting
15 silly install loadShrinkwrap
16 silly loadShrinkwrap Finishing
17 silly loadAllDepsIntoIdealTree Starting
18 silly install loadAllDepsIntoIdealTree
19 silly fetchNamedPackageData sleep
20 silly mapToRegistry name sleep
21 silly mapToRegistry using default registry
22 silly mapToRegistry registry https://registry.npmjs.org/
23 silly mapToRegistry data Result {
23 silly mapToRegistry   raw: 'sleep',
23 silly mapToRegistry   scope: null,
23 silly mapToRegistry   escapedName: 'sleep',
23 silly mapToRegistry   name: 'sleep',
23 silly mapToRegistry   rawSpec: '',
23 silly mapToRegistry   spec: 'latest',
23 silly mapToRegistry   type: 'tag' }
24 silly mapToRegistry uri https://registry.npmjs.org/sleep
25 verbose request uri https://registry.npmjs.org/sleep
26 verbose request no auth needed
27 info attempt registry request try #1 at 16:46:55
28 verbose request id a4ea07c98e2d082b
29 verbose etag W/"59eb40bf-574c"
30 verbose lastModified Sat, 21 Oct 2017 12:42:39 GMT
31 http request GET https://registry.npmjs.org/sleep
32 http 304 https://registry.npmjs.org/sleep
33 verbose headers { date: 'Sat, 18 Nov 2017 08:46:55 GMT',
33 verbose headers   via: '1.1 varnish',
33 verbose headers   'cache-control': 'max-age=300',
33 verbose headers   etag: 'W/"59eb40bf-574c"',
33 verbose headers   age: '82',
33 verbose headers   connection: 'keep-alive',
33 verbose headers   'x-served-by': 'cache-hkg17924-HKG',
33 verbose headers   'x-cache': 'HIT',
33 verbose headers   'x-cache-hits': '1',
33 verbose headers   'x-timer': 'S1510994816.754476,VS0,VE0',
33 verbose headers   vary: 'Accept-Encoding, Accept' }
34 silly get cb [ 304,
34 silly get   { date: 'Sat, 18 Nov 2017 08:46:55 GMT',
34 silly get     via: '1.1 varnish',
34 silly get     'cache-control': 'max-age=300',
34 silly get     etag: 'W/"59eb40bf-574c"',
34 silly get     age: '82',
34 silly get     connection: 'keep-alive',
34 silly get     'x-served-by': 'cache-hkg17924-HKG',
34 silly get     'x-cache': 'HIT',
34 silly get     'x-cache-hits': '1',
34 silly get     'x-timer': 'S1510994816.754476,VS0,VE0',
34 silly get     vary: 'Accept-Encoding, Accept' } ]
35 verbose etag https://registry.npmjs.org/sleep from cache
36 verbose get saving sleep to /Users/bill/.npm/registry.npmjs.org/sleep/.cache.json
37 verbose correctMkdir /Users/bill/.npm correctMkdir not in flight; initializing
38 silly resolveWithNewModule sleep@5.1.1 checking installable status
39 silly cache add args [ 'sleep@^5.1.1', null ]
40 verbose cache add spec sleep@^5.1.1
41 silly cache add parsed spec Result {
41 silly cache add   raw: 'sleep@^5.1.1',
41 silly cache add   scope: null,
41 silly cache add   escapedName: 'sleep',
41 silly cache add   name: 'sleep',
41 silly cache add   rawSpec: '^5.1.1',
41 silly cache add   spec: '>=5.1.1 <6.0.0',
41 silly cache add   type: 'range' }
42 silly addNamed sleep@>=5.1.1 <6.0.0
43 verbose addNamed ">=5.1.1 <6.0.0" is a valid semver range for sleep
44 silly addNameRange { name: 'sleep', range: '>=5.1.1 <6.0.0', hasData: false }
45 silly mapToRegistry name sleep
46 silly mapToRegistry using default registry
47 silly mapToRegistry registry https://registry.npmjs.org/
48 silly mapToRegistry data Result {
48 silly mapToRegistry   raw: 'sleep',
48 silly mapToRegistry   scope: null,
48 silly mapToRegistry   escapedName: 'sleep',
48 silly mapToRegistry   name: 'sleep',
48 silly mapToRegistry   rawSpec: '',
48 silly mapToRegistry   spec: 'latest',
48 silly mapToRegistry   type: 'tag' }
49 silly mapToRegistry uri https://registry.npmjs.org/sleep
50 verbose addNameRange registry:https://registry.npmjs.org/sleep not in flight; fetching
51 verbose get https://registry.npmjs.org/sleep not expired, no request
52 silly addNameRange number 2 { name: 'sleep', range: '>=5.1.1 <6.0.0', hasData: true }
53 silly addNameRange versions [ 'sleep',
53 silly addNameRange   [ '1.0.0',
53 silly addNameRange     '1.0.1',
53 silly addNameRange     '1.0.2',
53 silly addNameRange     '1.1.0',
53 silly addNameRange     '1.1.1',
53 silly addNameRange     '1.1.2',
53 silly addNameRange     '1.1.3',
53 silly addNameRange     '1.1.4',
53 silly addNameRange     '1.1.5',
53 silly addNameRange     '1.1.6',
53 silly addNameRange     '1.1.7',
53 silly addNameRange     '1.1.8',
53 silly addNameRange     '1.2.0',
53 silly addNameRange     '2.0.0',
53 silly addNameRange     '3.0.0',
53 silly addNameRange     '3.0.1',
53 silly addNameRange     '4.0.0',
53 silly addNameRange     '5.0.0',
53 silly addNameRange     '5.1.0',
53 silly addNameRange     '5.1.1' ] ]
54 silly addNamed sleep@5.1.1
55 verbose addNamed "5.1.1" is a plain semver version for sleep
56 silly cache afterAdd sleep@5.1.1
57 verbose afterAdd /Users/bill/.npm/sleep/5.1.1/package/package.json not in flight; writing
58 verbose correctMkdir /Users/bill/.npm correctMkdir not in flight; initializing
59 verbose afterAdd /Users/bill/.npm/sleep/5.1.1/package/package.json written
60 silly fetchNamedPackageData nan
61 silly mapToRegistry name nan
62 silly mapToRegistry using default registry
63 silly mapToRegistry registry https://registry.npmjs.org/
64 silly mapToRegistry data Result {
64 silly mapToRegistry   raw: 'nan',
64 silly mapToRegistry   scope: null,
64 silly mapToRegistry   escapedName: 'nan',
64 silly mapToRegistry   name: 'nan',
64 silly mapToRegistry   rawSpec: '',
64 silly mapToRegistry   spec: 'latest',
64 silly mapToRegistry   type: 'tag' }
65 silly mapToRegistry uri https://registry.npmjs.org/nan
66 verbose request uri https://registry.npmjs.org/nan
67 verbose request no auth needed
68 info attempt registry request try #1 at 16:46:55
69 verbose etag W/"5a0c2640-20c10"
70 verbose lastModified Wed, 15 Nov 2017 11:34:24 GMT
71 http request GET https://registry.npmjs.org/nan
72 http 304 https://registry.npmjs.org/nan
73 verbose headers { date: 'Sat, 18 Nov 2017 08:46:56 GMT',
73 verbose headers   via: '1.1 varnish',
73 verbose headers   'cache-control': 'max-age=300',
73 verbose headers   etag: 'W/"5a0c2640-20c10"',
73 verbose headers   age: '119',
73 verbose headers   connection: 'keep-alive',
73 verbose headers   'x-served-by': 'cache-hkg17924-HKG',
73 verbose headers   'x-cache': 'HIT',
73 verbose headers   'x-cache-hits': '1',
73 verbose headers   'x-timer': 'S1510994816.001952,VS0,VE0',
73 verbose headers   vary: 'Accept-Encoding, Accept' }
74 silly get cb [ 304,
74 silly get   { date: 'Sat, 18 Nov 2017 08:46:56 GMT',
74 silly get     via: '1.1 varnish',
74 silly get     'cache-control': 'max-age=300',
74 silly get     etag: 'W/"5a0c2640-20c10"',
74 silly get     age: '119',
74 silly get     connection: 'keep-alive',
74 silly get     'x-served-by': 'cache-hkg17924-HKG',
74 silly get     'x-cache': 'HIT',
74 silly get     'x-cache-hits': '1',
74 silly get     'x-timer': 'S1510994816.001952,VS0,VE0',
74 silly get     vary: 'Accept-Encoding, Accept' } ]
75 verbose etag https://registry.npmjs.org/nan from cache
76 verbose get saving nan to /Users/bill/.npm/registry.npmjs.org/nan/.cache.json
77 verbose correctMkdir /Users/bill/.npm correctMkdir not in flight; initializing
78 silly resolveWithNewModule nan@2.8.0 checking installable status
79 silly cache add args [ 'nan@>=2.5.1', null ]
80 verbose cache add spec nan@>=2.5.1
81 silly cache add parsed spec Result {
81 silly cache add   raw: 'nan@>=2.5.1',
81 silly cache add   scope: null,
81 silly cache add   escapedName: 'nan',
81 silly cache add   name: 'nan',
81 silly cache add   rawSpec: '>=2.5.1',
81 silly cache add   spec: '>=2.5.1',
81 silly cache add   type: 'range' }
82 silly addNamed nan@>=2.5.1
83 verbose addNamed ">=2.5.1" is a valid semver range for nan
84 silly addNameRange { name: 'nan', range: '>=2.5.1', hasData: false }
85 silly mapToRegistry name nan
86 silly mapToRegistry using default registry
87 silly mapToRegistry registry https://registry.npmjs.org/
88 silly mapToRegistry data Result {
88 silly mapToRegistry   raw: 'nan',
88 silly mapToRegistry   scope: null,
88 silly mapToRegistry   escapedName: 'nan',
88 silly mapToRegistry   name: 'nan',
88 silly mapToRegistry   rawSpec: '',
88 silly mapToRegistry   spec: 'latest',
88 silly mapToRegistry   type: 'tag' }
89 silly mapToRegistry uri https://registry.npmjs.org/nan
90 verbose addNameRange registry:https://registry.npmjs.org/nan not in flight; fetching
91 verbose get https://registry.npmjs.org/nan not expired, no request
92 silly addNameRange number 2 { name: 'nan', range: '>=2.5.1', hasData: true }
93 silly addNameRange versions [ 'nan',
93 silly addNameRange   [ '0.3.0-wip',
93 silly addNameRange     '0.3.0-wip2',
93 silly addNameRange     '0.3.0',
93 silly addNameRange     '0.3.1',
93 silly addNameRange     '0.3.2',
93 silly addNameRange     '0.4.0',
93 silly addNameRange     '0.4.1',
93 silly addNameRange     '0.4.2',
93 silly addNameRange     '0.4.3',
93 silly addNameRange     '0.4.4',
93 silly addNameRange     '0.5.0',
93 silly addNameRange     '0.5.1',
93 silly addNameRange     '0.5.2',
93 silly addNameRange     '0.6.0',
93 silly addNameRange     '0.7.0',
93 silly addNameRange     '0.7.1',
93 silly addNameRange     '0.8.0',
93 silly addNameRange     '1.0.0',
93 silly addNameRange     '1.1.0',
93 silly addNameRange     '1.1.1',
93 silly addNameRange     '1.1.2',
93 silly addNameRange     '1.2.0',
93 silly addNameRange     '1.3.0',
93 silly addNameRange     '1.4.0',
93 silly addNameRange     '1.4.1',
93 silly addNameRange     '1.5.0',
93 silly addNameRange     '1.4.2',
93 silly addNameRange     '1.4.3',
93 silly addNameRange     '1.5.1',
93 silly addNameRange     '1.5.2',
93 silly addNameRange     '1.6.0',
93 silly addNameRange     '1.5.3',
93 silly addNameRange     '1.6.1',
93 silly addNameRange     '1.6.2',
93 silly addNameRange     '1.7.0',
93 silly addNameRange     '1.8.0',
93 silly addNameRange     '1.8.1',
93 silly addNameRange     '1.8.2',
93 silly addNameRange     '1.8.3',
93 silly addNameRange     '1.8.4',
93 silly addNameRange     '1.9.0',
93 silly addNameRange     '2.0.0',
93 silly addNameRange     '2.0.1',
93 silly addNameRange     '2.0.2',
93 silly addNameRange     '2.0.3',
93 silly addNameRange     '2.0.4',
93 silly addNameRange     '2.0.5',
93 silly addNameRange     '2.0.6',
93 silly addNameRange     '2.0.7',
93 silly addNameRange     '2.0.8',
93 silly addNameRange     '2.0.9',
93 silly addNameRange     '2.1.0',
93 silly addNameRange     '2.2.0',
93 silly addNameRange     '2.2.1',
93 silly addNameRange     '2.3.0',
93 silly addNameRange     '2.3.1',
93 silly addNameRange     '2.3.2',
93 silly addNameRange     '2.3.3',
93 silly addNameRange     '2.3.4',
93 silly addNameRange     '2.3.5',
93 silly addNameRange     '2.4.0',
93 silly addNameRange     '2.5.0',
93 silly addNameRange     '2.5.1',
93 silly addNameRange     '2.6.0',
93 silly addNameRange     '2.6.1',
93 silly addNameRange     '2.6.2',
93 silly addNameRange     '2.7.0',
93 silly addNameRange     '2.8.0' ] ]
94 silly addNamed nan@2.8.0
95 verbose addNamed "2.8.0" is a plain semver version for nan
96 silly cache afterAdd nan@2.8.0
97 verbose afterAdd /Users/bill/.npm/nan/2.8.0/package/package.json not in flight; writing
98 verbose correctMkdir /Users/bill/.npm correctMkdir not in flight; initializing
99 verbose afterAdd /Users/bill/.npm/nan/2.8.0/package/package.json written
100 silly loadAllDepsIntoIdealTree Finishing
101 silly loadIdealTree Finishing
102 silly currentTree jsg@0.0.0
102 silly currentTree ├── @types/node@8.0.53
102 silly currentTree ├── accepts@1.3.4
102 silly currentTree ├── acorn-globals@1.0.9
102 silly currentTree ├── acorn@2.7.0
102 silly currentTree ├── ajv@5.3.0
102 silly currentTree ├── align-text@0.1.4
102 silly currentTree ├── amdefine@1.0.1
102 silly currentTree ├── array-flatten@1.1.1
102 silly currentTree ├── asap@1.0.0
102 silly currentTree ├── asn1@0.2.3
102 silly currentTree ├── assert-plus@1.0.0
102 silly currentTree ├── async@2.6.0
102 silly currentTree ├── asynckit@0.4.0
102 silly currentTree ├── aws-sign2@0.7.0
102 silly currentTree ├── aws4@1.6.0
102 silly currentTree ├── basic-auth@1.1.0
102 silly currentTree ├── bcrypt-pbkdf@1.0.1
102 silly currentTree ├── bluebird@3.5.1
102 silly currentTree ├─┬ body-parser@1.17.2
102 silly currentTree │ └── debug@2.6.7
102 silly currentTree ├── boolbase@1.0.0
102 silly currentTree ├── boom@4.3.1
102 silly currentTree ├── bson@1.0.4
102 silly currentTree ├── buffer-shims@1.0.0
102 silly currentTree ├── bytes@2.4.0
102 silly currentTree ├── camelcase@1.2.1
102 silly currentTree ├── caseless@0.12.0
102 silly currentTree ├── center-align@0.1.3
102 silly currentTree ├── character-parser@1.2.1
102 silly currentTree ├── cheerio@1.0.0-rc.2
102 silly currentTree ├─┬ clean-css@3.4.28
102 silly currentTree │ └── commander@2.8.1
102 silly currentTree ├─┬ cliui@2.1.0
102 silly currentTree │ └── wordwrap@0.0.2
102 silly currentTree ├── co@4.6.0
102 silly currentTree ├── combined-stream@1.0.5
102 silly currentTree ├── commander@2.6.0
102 silly currentTree ├── connect-flash@0.1.1
102 silly currentTree ├── constantinople@3.0.2
102 silly currentTree ├── content-disposition@0.5.2
102 silly currentTree ├── content-type@1.0.4
102 silly currentTree ├── cookie-parser@1.4.3
102 silly currentTree ├── cookie-signature@1.0.6
102 silly currentTree ├── cookie@0.3.1
102 silly currentTree ├── core-util-is@1.0.2
102 silly currentTree ├── crc@3.4.4
102 silly currentTree ├─┬ cryptiles@3.1.2
102 silly currentTree │ └── boom@5.2.0
102 silly currentTree ├── css-parse@1.0.4
102 silly currentTree ├── css-select@1.2.0
102 silly currentTree ├── css-stringify@1.0.5
102 silly currentTree ├── css-what@2.1.0
102 silly currentTree ├── css@1.0.8
102 silly currentTree ├── dashdash@1.14.1
102 silly currentTree ├── debug@2.6.9
102 silly currentTree ├── decamelize@1.2.0
102 silly currentTree ├── delayed-stream@1.0.0
102 silly currentTree ├── depd@1.1.1
102 silly currentTree ├── destroy@1.0.4
102 silly currentTree ├─┬ dom-serializer@0.1.0
102 silly currentTree │ └── domelementtype@1.1.3
102 silly currentTree ├── domelementtype@1.3.0
102 silly currentTree ├── domhandler@2.4.1
102 silly currentTree ├── domutils@1.5.1
102 silly currentTree ├── ecc-jsbn@0.1.1
102 silly currentTree ├── ee-first@1.1.1
102 silly currentTree ├── encodeurl@1.0.1
102 silly currentTree ├── entities@1.1.1
102 silly currentTree ├── es6-promise@3.2.1
102 silly currentTree ├── escape-html@1.0.3
102 silly currentTree ├── etag@1.8.1
102 silly currentTree ├─┬ express-session@1.15.6
102 silly currentTree │ └── utils-merge@1.0.1
102 silly currentTree ├─┬ express@4.15.5
102 silly currentTree │ ├── qs@6.5.0
102 silly currentTree │ └── statuses@1.3.1
102 silly currentTree ├── extend@3.0.1
102 silly currentTree ├── extsprintf@1.3.0
102 silly currentTree ├── fast-deep-equal@1.0.0
102 silly currentTree ├── fast-json-stable-stringify@2.0.0
102 silly currentTree ├─┬ finalhandler@1.0.6
102 silly currentTree │ └── statuses@1.3.1
102 silly currentTree ├── forever-agent@0.6.1
102 silly currentTree ├── form-data@2.3.1
102 silly currentTree ├── forwarded@0.1.2
102 silly currentTree ├── fresh@0.5.2
102 silly currentTree ├── fs@0.0.1-security
102 silly currentTree ├── getpass@0.1.7
102 silly currentTree ├── graceful-readlink@1.0.1
102 silly currentTree ├── har-schema@2.0.0
102 silly currentTree ├── har-validator@5.0.3
102 silly currentTree ├── hawk@6.0.2
102 silly currentTree ├── hoek@4.2.0
102 silly currentTree ├── hooks-fixed@2.0.2
102 silly currentTree ├── htmlparser2@3.9.2
102 silly currentTree ├── http-errors@1.6.2
102 silly currentTree ├── http-signature@1.2.0
102 silly currentTree ├── iconv-lite@0.4.15
102 silly currentTree ├── inherits@2.0.3
102 silly currentTree ├── ipaddr.js@1.4.0
102 silly currentTree ├── is-buffer@1.1.6
102 silly currentTree ├── is-promise@2.1.0
102 silly currentTree ├── is-typedarray@1.0.0
102 silly currentTree ├── isarray@1.0.0
102 silly currentTree ├── isstream@0.1.2
102 silly currentTree ├── jade@1.11.0
102 silly currentTree ├── jsbn@0.1.1
102 silly currentTree ├── json-schema-traverse@0.3.1
102 silly currentTree ├── json-schema@0.2.3
102 silly currentTree ├── json-stringify-safe@5.0.1
102 silly currentTree ├── jsprim@1.4.1
102 silly currentTree ├── jstransformer@0.0.2
102 silly currentTree ├── kareem@1.5.0
102 silly currentTree ├── kind-of@3.2.2
102 silly currentTree ├── lazy-cache@1.0.4
102 silly currentTree ├── lodash.get@4.4.2
102 silly currentTree ├── lodash@4.17.4
102 silly currentTree ├── longest@1.0.1
102 silly currentTree ├── media-typer@0.3.0
102 silly currentTree ├── merge-descriptors@1.0.1
102 silly currentTree ├── methods@1.1.2
102 silly currentTree ├── mime-db@1.30.0
102 silly currentTree ├── mime-types@2.1.17
102 silly currentTree ├── mime@1.3.4
102 silly currentTree ├── minimist@0.0.8
102 silly currentTree ├── mkdirp@0.5.1
102 silly currentTree ├── mongodb-core@2.1.17
102 silly currentTree ├─┬ mongodb@2.2.33
102 silly currentTree │ └── readable-stream@2.2.7
102 silly currentTree ├─┬ mongoose@4.13.4
102 silly currentTree │ └── async@2.1.4
102 silly currentTree ├─┬ morgan@1.8.2
102 silly currentTree │ └── debug@2.6.8
102 silly currentTree ├── mpath@0.3.0
102 silly currentTree ├── mpromise@0.5.5
102 silly currentTree ├─┬ mquery@2.3.2
102 silly currentTree │ └── sliced@0.0.5
102 silly currentTree ├── ms@2.0.0
102 silly currentTree ├── muri@1.3.0
102 silly currentTree ├── negotiator@0.6.1
102 silly currentTree ├── nth-check@1.0.1
102 silly currentTree ├── oauth-sign@0.8.2
102 silly currentTree ├── on-finished@2.3.0
102 silly currentTree ├── on-headers@1.0.1
102 silly currentTree ├── optimist@0.3.7
102 silly currentTree ├── parse5@3.0.3
102 silly currentTree ├── parseurl@1.3.2
102 silly currentTree ├── passport-local@1.0.0
102 silly currentTree ├── passport-strategy@1.0.0
102 silly currentTree ├── passport@0.4.0
102 silly currentTree ├── path-to-regexp@0.1.7
102 silly currentTree ├── pause@0.0.1
102 silly currentTree ├── performance-now@2.1.0
102 silly currentTree ├── process-nextick-args@1.0.7
102 silly currentTree ├── promise@6.1.0
102 silly currentTree ├── proxy-addr@1.1.5
102 silly currentTree ├── punycode@1.4.1
102 silly currentTree ├── pure-css-loader@3.0.1
102 silly currentTree ├── q@1.5.1
102 silly currentTree ├── qs@6.4.0
102 silly currentTree ├── random-bytes@1.0.0
102 silly currentTree ├── range-parser@1.2.0
102 silly currentTree ├── raw-body@2.2.0
102 silly currentTree ├── readable-stream@2.3.3
102 silly currentTree ├── regexp-clone@0.0.1
102 silly currentTree ├── repeat-string@1.6.1
102 silly currentTree ├─┬ request@2.83.0
102 silly currentTree │ └── qs@6.5.1
102 silly currentTree ├── require_optional@1.0.1
102 silly currentTree ├── resolve-from@2.0.0
102 silly currentTree ├── right-align@0.1.3
102 silly currentTree ├── safe-buffer@5.1.1
102 silly currentTree ├── semver@5.4.1
102 silly currentTree ├─┬ send@0.15.6
102 silly currentTree │ └── statuses@1.3.1
102 silly currentTree ├── serve-favicon@2.4.5
102 silly currentTree ├── serve-static@1.12.6
102 silly currentTree ├── setprototypeof@1.0.3
102 silly currentTree ├── sliced@1.0.1
102 silly currentTree ├── sntp@2.1.0
102 silly currentTree ├── source-map@0.4.4
102 silly currentTree ├── sshpk@1.13.1
102 silly currentTree ├── statuses@1.4.0
102 silly currentTree ├── string_decoder@1.0.3
102 silly currentTree ├── stringstream@0.0.5
102 silly currentTree ├── tough-cookie@2.3.3
102 silly currentTree ├─┬ transformers@2.1.0
102 silly currentTree │ ├── is-promise@1.0.1
102 silly currentTree │ ├── promise@2.0.0
102 silly currentTree │ ├── source-map@0.1.43
102 silly currentTree │ └── uglify-js@2.2.5
102 silly currentTree ├── tunnel-agent@0.6.0
102 silly currentTree ├── tweetnacl@0.14.5
102 silly currentTree ├── type-is@1.6.15
102 silly currentTree ├─┬ uglify-js@2.8.29
102 silly currentTree │ └── source-map@0.5.7
102 silly currentTree ├── uglify-to-browserify@1.0.2
102 silly currentTree ├── uid-safe@2.1.5
102 silly currentTree ├── unpipe@1.0.0
102 silly currentTree ├── util-deprecate@1.0.2
102 silly currentTree ├── utils-merge@1.0.0
102 silly currentTree ├── uuid@3.1.0
102 silly currentTree ├── vary@1.1.2
102 silly currentTree ├── verror@1.10.0
102 silly currentTree ├── void-elements@2.0.1
102 silly currentTree ├── window-size@0.1.0
102 silly currentTree ├─┬ with@4.0.3
102 silly currentTree │ └── acorn@1.2.2
102 silly currentTree ├── wordwrap@0.0.3
102 silly currentTree └── yargs@3.10.0
103 silly idealTree jsg@0.0.0
103 silly idealTree ├── @types/node@8.0.53
103 silly idealTree ├── accepts@1.3.4
103 silly idealTree ├── acorn-globals@1.0.9
103 silly idealTree ├── acorn@2.7.0
103 silly idealTree ├── ajv@5.3.0
103 silly idealTree ├── align-text@0.1.4
103 silly idealTree ├── amdefine@1.0.1
103 silly idealTree ├── array-flatten@1.1.1
103 silly idealTree ├── asap@1.0.0
103 silly idealTree ├── asn1@0.2.3
103 silly idealTree ├── assert-plus@1.0.0
103 silly idealTree ├── async@2.6.0
103 silly idealTree ├── asynckit@0.4.0
103 silly idealTree ├── aws-sign2@0.7.0
103 silly idealTree ├── aws4@1.6.0
103 silly idealTree ├── basic-auth@1.1.0
103 silly idealTree ├── bcrypt-pbkdf@1.0.1
103 silly idealTree ├── bluebird@3.5.1
103 silly idealTree ├─┬ body-parser@1.17.2
103 silly idealTree │ └── debug@2.6.7
103 silly idealTree ├── boolbase@1.0.0
103 silly idealTree ├── boom@4.3.1
103 silly idealTree ├── bson@1.0.4
103 silly idealTree ├── buffer-shims@1.0.0
103 silly idealTree ├── bytes@2.4.0
103 silly idealTree ├── camelcase@1.2.1
103 silly idealTree ├── caseless@0.12.0
103 silly idealTree ├── center-align@0.1.3
103 silly idealTree ├── character-parser@1.2.1
103 silly idealTree ├── cheerio@1.0.0-rc.2
103 silly idealTree ├─┬ clean-css@3.4.28
103 silly idealTree │ └── commander@2.8.1
103 silly idealTree ├─┬ cliui@2.1.0
103 silly idealTree │ └── wordwrap@0.0.2
103 silly idealTree ├── co@4.6.0
103 silly idealTree ├── combined-stream@1.0.5
103 silly idealTree ├── commander@2.6.0
103 silly idealTree ├── connect-flash@0.1.1
103 silly idealTree ├── constantinople@3.0.2
103 silly idealTree ├── content-disposition@0.5.2
103 silly idealTree ├── content-type@1.0.4
103 silly idealTree ├── cookie-parser@1.4.3
103 silly idealTree ├── cookie-signature@1.0.6
103 silly idealTree ├── cookie@0.3.1
103 silly idealTree ├── core-util-is@1.0.2
103 silly idealTree ├── crc@3.4.4
103 silly idealTree ├─┬ cryptiles@3.1.2
103 silly idealTree │ └── boom@5.2.0
103 silly idealTree ├── css-parse@1.0.4
103 silly idealTree ├── css-select@1.2.0
103 silly idealTree ├── css-stringify@1.0.5
103 silly idealTree ├── css-what@2.1.0
103 silly idealTree ├── css@1.0.8
103 silly idealTree ├── dashdash@1.14.1
103 silly idealTree ├── debug@2.6.9
103 silly idealTree ├── decamelize@1.2.0
103 silly idealTree ├── delayed-stream@1.0.0
103 silly idealTree ├── depd@1.1.1
103 silly idealTree ├── destroy@1.0.4
103 silly idealTree ├─┬ dom-serializer@0.1.0
103 silly idealTree │ └── domelementtype@1.1.3
103 silly idealTree ├── domelementtype@1.3.0
103 silly idealTree ├── domhandler@2.4.1
103 silly idealTree ├── domutils@1.5.1
103 silly idealTree ├── ecc-jsbn@0.1.1
103 silly idealTree ├── ee-first@1.1.1
103 silly idealTree ├── encodeurl@1.0.1
103 silly idealTree ├── entities@1.1.1
103 silly idealTree ├── es6-promise@3.2.1
103 silly idealTree ├── escape-html@1.0.3
103 silly idealTree ├── etag@1.8.1
103 silly idealTree ├─┬ express-session@1.15.6
103 silly idealTree │ └── utils-merge@1.0.1
103 silly idealTree ├─┬ express@4.15.5
103 silly idealTree │ ├── qs@6.5.0
103 silly idealTree │ └── statuses@1.3.1
103 silly idealTree ├── extend@3.0.1
103 silly idealTree ├── extsprintf@1.3.0
103 silly idealTree ├── fast-deep-equal@1.0.0
103 silly idealTree ├── fast-json-stable-stringify@2.0.0
103 silly idealTree ├─┬ finalhandler@1.0.6
103 silly idealTree │ └── statuses@1.3.1
103 silly idealTree ├── forever-agent@0.6.1
103 silly idealTree ├── form-data@2.3.1
103 silly idealTree ├── forwarded@0.1.2
103 silly idealTree ├── fresh@0.5.2
103 silly idealTree ├── fs@0.0.1-security
103 silly idealTree ├── getpass@0.1.7
103 silly idealTree ├── graceful-readlink@1.0.1
103 silly idealTree ├── har-schema@2.0.0
103 silly idealTree ├── har-validator@5.0.3
103 silly idealTree ├── hawk@6.0.2
103 silly idealTree ├── hoek@4.2.0
103 silly idealTree ├── hooks-fixed@2.0.2
103 silly idealTree ├── htmlparser2@3.9.2
103 silly idealTree ├── http-errors@1.6.2
103 silly idealTree ├── http-signature@1.2.0
103 silly idealTree ├── iconv-lite@0.4.15
103 silly idealTree ├── inherits@2.0.3
103 silly idealTree ├── ipaddr.js@1.4.0
103 silly idealTree ├── is-buffer@1.1.6
103 silly idealTree ├── is-promise@2.1.0
103 silly idealTree ├── is-typedarray@1.0.0
103 silly idealTree ├── isarray@1.0.0
103 silly idealTree ├── isstream@0.1.2
103 silly idealTree ├── jade@1.11.0
103 silly idealTree ├── jsbn@0.1.1
103 silly idealTree ├── json-schema-traverse@0.3.1
103 silly idealTree ├── json-schema@0.2.3
103 silly idealTree ├── json-stringify-safe@5.0.1
103 silly idealTree ├── jsprim@1.4.1
103 silly idealTree ├── jstransformer@0.0.2
103 silly idealTree ├── kareem@1.5.0
103 silly idealTree ├── kind-of@3.2.2
103 silly idealTree ├── lazy-cache@1.0.4
103 silly idealTree ├── lodash.get@4.4.2
103 silly idealTree ├── lodash@4.17.4
103 silly idealTree ├── longest@1.0.1
103 silly idealTree ├── media-typer@0.3.0
103 silly idealTree ├── merge-descriptors@1.0.1
103 silly idealTree ├── methods@1.1.2
103 silly idealTree ├── mime-db@1.30.0
103 silly idealTree ├── mime-types@2.1.17
103 silly idealTree ├── mime@1.3.4
103 silly idealTree ├── minimist@0.0.8
103 silly idealTree ├── mkdirp@0.5.1
103 silly idealTree ├── mongodb-core@2.1.17
103 silly idealTree ├─┬ mongodb@2.2.33
103 silly idealTree │ └── readable-stream@2.2.7
103 silly idealTree ├─┬ mongoose@4.13.4
103 silly idealTree │ └── async@2.1.4
103 silly idealTree ├─┬ morgan@1.8.2
103 silly idealTree │ └── debug@2.6.8
103 silly idealTree ├── mpath@0.3.0
103 silly idealTree ├── mpromise@0.5.5
103 silly idealTree ├─┬ mquery@2.3.2
103 silly idealTree │ └── sliced@0.0.5
103 silly idealTree ├── ms@2.0.0
103 silly idealTree ├── muri@1.3.0
103 silly idealTree ├── nan@2.8.0
103 silly idealTree ├── negotiator@0.6.1
103 silly idealTree ├── nth-check@1.0.1
103 silly idealTree ├── oauth-sign@0.8.2
103 silly idealTree ├── on-finished@2.3.0
103 silly idealTree ├── on-headers@1.0.1
103 silly idealTree ├── optimist@0.3.7
103 silly idealTree ├── parse5@3.0.3
103 silly idealTree ├── parseurl@1.3.2
103 silly idealTree ├── passport-local@1.0.0
103 silly idealTree ├── passport-strategy@1.0.0
103 silly idealTree ├── passport@0.4.0
103 silly idealTree ├── path-to-regexp@0.1.7
103 silly idealTree ├── pause@0.0.1
103 silly idealTree ├── performance-now@2.1.0
103 silly idealTree ├── process-nextick-args@1.0.7
103 silly idealTree ├── promise@6.1.0
103 silly idealTree ├── proxy-addr@1.1.5
103 silly idealTree ├── punycode@1.4.1
103 silly idealTree ├── pure-css-loader@3.0.1
103 silly idealTree ├── q@1.5.1
103 silly idealTree ├── qs@6.4.0
103 silly idealTree ├── random-bytes@1.0.0
103 silly idealTree ├── range-parser@1.2.0
103 silly idealTree ├── raw-body@2.2.0
103 silly idealTree ├── readable-stream@2.3.3
103 silly idealTree ├── regexp-clone@0.0.1
103 silly idealTree ├── repeat-string@1.6.1
103 silly idealTree ├─┬ request@2.83.0
103 silly idealTree │ └── qs@6.5.1
103 silly idealTree ├── require_optional@1.0.1
103 silly idealTree ├── resolve-from@2.0.0
103 silly idealTree ├── right-align@0.1.3
103 silly idealTree ├── safe-buffer@5.1.1
103 silly idealTree ├── semver@5.4.1
103 silly idealTree ├─┬ send@0.15.6
103 silly idealTree │ └── statuses@1.3.1
103 silly idealTree ├── serve-favicon@2.4.5
103 silly idealTree ├── serve-static@1.12.6
103 silly idealTree ├── setprototypeof@1.0.3
103 silly idealTree ├── sleep@5.1.1
103 silly idealTree ├── sliced@1.0.1
103 silly idealTree ├── sntp@2.1.0
103 silly idealTree ├── source-map@0.4.4
103 silly idealTree ├── sshpk@1.13.1
103 silly idealTree ├── statuses@1.4.0
103 silly idealTree ├── string_decoder@1.0.3
103 silly idealTree ├── stringstream@0.0.5
103 silly idealTree ├── tough-cookie@2.3.3
103 silly idealTree ├─┬ transformers@2.1.0
103 silly idealTree │ ├── is-promise@1.0.1
103 silly idealTree │ ├── promise@2.0.0
103 silly idealTree │ ├── source-map@0.1.43
103 silly idealTree │ └── uglify-js@2.2.5
103 silly idealTree ├── tunnel-agent@0.6.0
103 silly idealTree ├── tweetnacl@0.14.5
103 silly idealTree ├── type-is@1.6.15
103 silly idealTree ├─┬ uglify-js@2.8.29
103 silly idealTree │ └── source-map@0.5.7
103 silly idealTree ├── uglify-to-browserify@1.0.2
103 silly idealTree ├── uid-safe@2.1.5
103 silly idealTree ├── unpipe@1.0.0
103 silly idealTree ├── util-deprecate@1.0.2
103 silly idealTree ├── utils-merge@1.0.0
103 silly idealTree ├── uuid@3.1.0
103 silly idealTree ├── vary@1.1.2
103 silly idealTree ├── verror@1.10.0
103 silly idealTree ├── void-elements@2.0.1
103 silly idealTree ├── window-size@0.1.0
103 silly idealTree ├─┬ with@4.0.3
103 silly idealTree │ └── acorn@1.2.2
103 silly idealTree ├── wordwrap@0.0.3
103 silly idealTree └── yargs@3.10.0
104 silly generateActionsToTake Starting
105 silly install generateActionsToTake
106 silly generateActionsToTake Finishing
107 silly diffTrees action count 2
108 silly diffTrees add nan@2.8.0
109 silly diffTrees add sleep@5.1.1
110 silly decomposeActions action count 16
111 silly decomposeActions fetch nan@2.8.0
112 silly decomposeActions extract nan@2.8.0
113 silly decomposeActions test nan@2.8.0
114 silly decomposeActions preinstall nan@2.8.0
115 silly decomposeActions build nan@2.8.0
116 silly decomposeActions install nan@2.8.0
117 silly decomposeActions postinstall nan@2.8.0
118 silly decomposeActions finalize nan@2.8.0
119 silly decomposeActions fetch sleep@5.1.1
120 silly decomposeActions extract sleep@5.1.1
121 silly decomposeActions test sleep@5.1.1
122 silly decomposeActions preinstall sleep@5.1.1
123 silly decomposeActions build sleep@5.1.1
124 silly decomposeActions install sleep@5.1.1
125 silly decomposeActions postinstall sleep@5.1.1
126 silly decomposeActions finalize sleep@5.1.1
127 silly runTopLevelLifecycles Starting
128 silly install runPreinstallTopLevelLifecycles
129 silly preinstall jsg@0.0.0 /Users/bill/Project_robot/Web/Server/jsg-6937fa00
130 info lifecycle jsg@0.0.0~preinstall: jsg@0.0.0
131 silly lifecycle jsg@0.0.0~preinstall: no script for preinstall, continuing
132 silly executeActions Starting
133 silly install executeActions
134 silly doSerial global-install 0
135 silly doParallel fetch 2
136 verbose correctMkdir /Users/bill/.npm/_locks correctMkdir not in flight; initializing
137 verbose lock using /Users/bill/.npm/_locks/staging-2554a173bcd56322.lock for /Users/bill/Project_robot/Web/Server/node_modules/.staging
138 silly doParallel extract 2
139 silly extract nan@2.8.0
140 silly extract sleep@5.1.1
141 verbose unbuild node_modules/.staging/nan-e626dcfb
142 verbose unbuild node_modules/.staging/sleep-d3df531f
143 silly gentlyRm /Users/bill/Project_robot/Web/Server/node_modules/.staging/nan-e626dcfb is being purged from base /Users/bill/Project_robot/Web/Server
144 verbose gentlyRm don't care about contents; nuking /Users/bill/Project_robot/Web/Server/node_modules/.staging/nan-e626dcfb
145 silly gentlyRm /Users/bill/Project_robot/Web/Server/node_modules/.staging/sleep-d3df531f is being purged from base /Users/bill/Project_robot/Web/Server
146 verbose gentlyRm don't care about contents; nuking /Users/bill/Project_robot/Web/Server/node_modules/.staging/sleep-d3df531f
147 verbose tar unpack /Users/bill/.npm/nan/2.8.0/package.tgz
148 verbose tar unpacking to /Users/bill/Project_robot/Web/Server/node_modules/.staging/nan-e626dcfb
149 silly gentlyRm /Users/bill/Project_robot/Web/Server/node_modules/.staging/nan-e626dcfb is being purged
150 verbose gentlyRm don't care about contents; nuking /Users/bill/Project_robot/Web/Server/node_modules/.staging/nan-e626dcfb
151 verbose tar unpack /Users/bill/.npm/sleep/5.1.1/package.tgz
152 verbose tar unpacking to /Users/bill/Project_robot/Web/Server/node_modules/.staging/sleep-d3df531f
153 silly gentlyRm /Users/bill/Project_robot/Web/Server/node_modules/.staging/sleep-d3df531f is being purged
154 verbose gentlyRm don't care about contents; nuking /Users/bill/Project_robot/Web/Server/node_modules/.staging/sleep-d3df531f
155 silly gunzTarPerm modes [ '755', '644' ]
156 silly gunzTarPerm modes [ '755', '644' ]
157 silly gunzTarPerm extractEntry package.json
158 silly gunzTarPerm modified mode [ 'package.json', 436, 420 ]
159 silly gunzTarPerm extractEntry package.json
160 silly gunzTarPerm modified mode [ 'package.json', 436, 420 ]
161 silly gunzTarPerm extractEntry README.md
162 silly gunzTarPerm modified mode [ 'README.md', 436, 420 ]
163 silly gunzTarPerm extractEntry .npmignore
164 silly gunzTarPerm modified mode [ '.npmignore', 436, 420 ]
165 silly gunzTarPerm extractEntry README.md
166 silly gunzTarPerm modified mode [ 'README.md', 436, 420 ]
167 silly gunzTarPerm extractEntry include_dirs.js
168 silly gunzTarPerm modified mode [ 'include_dirs.js', 436, 420 ]
169 silly gunzTarPerm extractEntry test.js
170 silly gunzTarPerm modified mode [ 'test.js', 436, 420 ]
171 silly gunzTarPerm extractEntry index.js
172 silly gunzTarPerm modified mode [ 'index.js', 436, 420 ]
173 silly gunzTarPerm extractEntry nan_converters_43_inl.h
174 silly gunzTarPerm modified mode [ 'nan_converters_43_inl.h', 436, 420 ]
175 silly gunzTarPerm extractEntry LICENSE.md
176 silly gunzTarPerm modified mode [ 'LICENSE.md', 436, 420 ]
177 silly gunzTarPerm extractEntry doc/new.md
178 silly gunzTarPerm modified mode [ 'doc/new.md', 436, 420 ]
179 silly gunzTarPerm extractEntry doc/asyncworker.md
180 silly gunzTarPerm modified mode [ 'doc/asyncworker.md', 436, 420 ]
181 silly gunzTarPerm extractEntry LICENSE.txt
182 silly gunzTarPerm modified mode [ 'LICENSE.txt', 436, 420 ]
183 silly gunzTarPerm extractEntry sleep.cc
184 silly gunzTarPerm modified mode [ 'sleep.cc', 436, 420 ]
185 silly gunzTarPerm extractEntry doc/callback.md
186 silly gunzTarPerm modified mode [ 'doc/callback.md', 436, 420 ]
187 silly gunzTarPerm extractEntry doc/converters.md
188 silly gunzTarPerm modified mode [ 'doc/converters.md', 436, 420 ]
189 silly gunzTarPerm extractEntry binding.gyp
190 silly gunzTarPerm modified mode [ 'binding.gyp', 436, 420 ]
191 silly gunzTarPerm extractEntry doc/errors.md
192 silly gunzTarPerm modified mode [ 'doc/errors.md', 436, 420 ]
193 silly gunzTarPerm extractEntry doc/json.md
194 silly gunzTarPerm modified mode [ 'doc/json.md', 436, 420 ]
195 silly gunzTarPerm extractEntry doc/maybe_types.md
196 silly gunzTarPerm modified mode [ 'doc/maybe_types.md', 436, 420 ]
197 silly gunzTarPerm extractEntry doc/methods.md
198 silly gunzTarPerm modified mode [ 'doc/methods.md', 436, 420 ]
199 silly gunzTarPerm extractEntry doc/buffers.md
200 silly gunzTarPerm modified mode [ 'doc/buffers.md', 436, 420 ]
201 silly gunzTarPerm extractEntry doc/node_misc.md
202 silly gunzTarPerm modified mode [ 'doc/node_misc.md', 436, 420 ]
203 silly gunzTarPerm extractEntry doc/object_wrappers.md
204 silly gunzTarPerm modified mode [ 'doc/object_wrappers.md', 436, 420 ]
205 silly gunzTarPerm extractEntry doc/persistent.md
206 silly gunzTarPerm modified mode [ 'doc/persistent.md', 436, 420 ]
207 silly gunzTarPerm extractEntry doc/scopes.md
208 silly gunzTarPerm modified mode [ 'doc/scopes.md', 436, 420 ]
209 silly gunzTarPerm extractEntry doc/script.md
210 silly gunzTarPerm modified mode [ 'doc/script.md', 436, 420 ]
211 silly gunzTarPerm extractEntry doc/string_bytes.md
212 silly gunzTarPerm modified mode [ 'doc/string_bytes.md', 436, 420 ]
213 silly gunzTarPerm extractEntry doc/v8_internals.md
214 silly gunzTarPerm modified mode [ 'doc/v8_internals.md', 436, 420 ]
215 silly gentlyRm /Users/bill/Project_robot/Web/Server/node_modules/.staging/sleep-d3df531f/node_modules is being purged
216 verbose gentlyRm don't care about contents; nuking /Users/bill/Project_robot/Web/Server/node_modules/.staging/sleep-d3df531f/node_modules
217 silly gunzTarPerm extractEntry doc/v8_misc.md
218 silly gunzTarPerm modified mode [ 'doc/v8_misc.md', 436, 420 ]
219 silly gunzTarPerm extractEntry nan.h
220 silly gunzTarPerm modified mode [ 'nan.h', 436, 420 ]
221 silly gunzTarPerm extractEntry nan_callbacks.h
222 silly gunzTarPerm modified mode [ 'nan_callbacks.h', 436, 420 ]
223 silly gunzTarPerm extractEntry nan_callbacks_12_inl.h
224 silly gunzTarPerm modified mode [ 'nan_callbacks_12_inl.h', 436, 420 ]
225 silly gunzTarPerm extractEntry nan_callbacks_pre_12_inl.h
226 silly gunzTarPerm modified mode [ 'nan_callbacks_pre_12_inl.h', 436, 420 ]
227 silly gunzTarPerm extractEntry nan_converters.h
228 silly gunzTarPerm modified mode [ 'nan_converters.h', 436, 420 ]
229 silly gunzTarPerm extractEntry nan_converters_pre_43_inl.h
230 silly gunzTarPerm modified mode [ 'nan_converters_pre_43_inl.h', 436, 420 ]
231 silly gunzTarPerm extractEntry nan_implementation_12_inl.h
232 silly gunzTarPerm modified mode [ 'nan_implementation_12_inl.h', 436, 420 ]
233 silly gunzTarPerm extractEntry nan_implementation_pre_12_inl.h
234 silly gunzTarPerm modified mode [ 'nan_implementation_pre_12_inl.h', 436, 420 ]
235 silly gunzTarPerm extractEntry nan_json.h
236 silly gunzTarPerm modified mode [ 'nan_json.h', 436, 420 ]
237 silly gunzTarPerm extractEntry nan_maybe_43_inl.h
238 silly gunzTarPerm modified mode [ 'nan_maybe_43_inl.h', 436, 420 ]
239 silly gunzTarPerm extractEntry nan_maybe_pre_43_inl.h
240 silly gunzTarPerm modified mode [ 'nan_maybe_pre_43_inl.h', 436, 420 ]
241 silly gunzTarPerm extractEntry nan_new.h
242 silly gunzTarPerm modified mode [ 'nan_new.h', 436, 420 ]
243 silly gunzTarPerm extractEntry nan_object_wrap.h
244 silly gunzTarPerm modified mode [ 'nan_object_wrap.h', 436, 420 ]
245 silly gunzTarPerm extractEntry nan_persistent_12_inl.h
246 silly gunzTarPerm modified mode [ 'nan_persistent_12_inl.h', 436, 420 ]
247 silly gunzTarPerm extractEntry nan_persistent_pre_12_inl.h
248 silly gunzTarPerm modified mode [ 'nan_persistent_pre_12_inl.h', 436, 420 ]
249 silly gunzTarPerm extractEntry nan_private.h
250 silly gunzTarPerm modified mode [ 'nan_private.h', 436, 420 ]
251 silly gunzTarPerm extractEntry nan_string_bytes.h
252 silly gunzTarPerm modified mode [ 'nan_string_bytes.h', 436, 420 ]
253 silly gunzTarPerm extractEntry nan_typedarray_contents.h
254 silly gunzTarPerm modified mode [ 'nan_typedarray_contents.h', 436, 420 ]
255 silly gunzTarPerm extractEntry nan_weak.h
256 silly gunzTarPerm modified mode [ 'nan_weak.h', 436, 420 ]
257 silly gunzTarPerm extractEntry CHANGELOG.md
258 silly gunzTarPerm modified mode [ 'CHANGELOG.md', 436, 420 ]
259 silly gunzTarPerm extractEntry tools/package.json
260 silly gunzTarPerm modified mode [ 'tools/package.json', 436, 420 ]
261 silly gunzTarPerm extractEntry tools/README.md
262 silly gunzTarPerm modified mode [ 'tools/README.md', 436, 420 ]
263 silly gunzTarPerm extractEntry tools/1to2.js
264 silly gunzTarPerm modified mode [ 'tools/1to2.js', 509, 493 ]
265 silly gentlyRm /Users/bill/Project_robot/Web/Server/node_modules/.staging/nan-e626dcfb/node_modules is being purged
266 verbose gentlyRm don't care about contents; nuking /Users/bill/Project_robot/Web/Server/node_modules/.staging/nan-e626dcfb/node_modules
267 silly doParallel preinstall 2
268 silly preinstall nan@2.8.0 /Users/bill/Project_robot/Web/Server/node_modules/.staging/nan-e626dcfb
269 info lifecycle nan@2.8.0~preinstall: nan@2.8.0
270 silly preinstall sleep@5.1.1 /Users/bill/Project_robot/Web/Server/node_modules/.staging/sleep-d3df531f
271 info lifecycle sleep@5.1.1~preinstall: sleep@5.1.1
272 silly lifecycle nan@2.8.0~preinstall: no script for preinstall, continuing
273 silly lifecycle sleep@5.1.1~preinstall: no script for preinstall, continuing
274 silly doReverseSerial remove 0
275 silly doSerial move 0
276 silly doSerial finalize 2
277 silly finalize /Users/bill/Project_robot/Web/Server/node_modules/nan
278 silly finalize /Users/bill/Project_robot/Web/Server/node_modules/sleep
279 silly doSerial build 2
280 silly build nan@2.8.0
281 info linkStuff nan@2.8.0
282 silly linkStuff nan@2.8.0 has /Users/bill/Project_robot/Web/Server/node_modules as its parent node_modules
283 verbose linkBins nan@2.8.0
284 verbose linkMans nan@2.8.0
285 silly build sleep@5.1.1
286 info linkStuff sleep@5.1.1
287 silly linkStuff sleep@5.1.1 has /Users/bill/Project_robot/Web/Server/node_modules as its parent node_modules
288 verbose linkBins sleep@5.1.1
289 verbose linkMans sleep@5.1.1
290 silly doSerial global-link 0
291 silly doParallel update-linked 0
292 silly doSerial install 2
293 silly install nan@2.8.0 /Users/bill/Project_robot/Web/Server/node_modules/.staging/nan-e626dcfb
294 info lifecycle nan@2.8.0~install: nan@2.8.0
295 silly lifecycle nan@2.8.0~install: no script for install, continuing
296 silly install sleep@5.1.1 /Users/bill/Project_robot/Web/Server/node_modules/.staging/sleep-d3df531f
297 info lifecycle sleep@5.1.1~install: sleep@5.1.1
298 verbose lifecycle sleep@5.1.1~install: unsafe-perm in lifecycle true
299 verbose lifecycle sleep@5.1.1~install: PATH: /usr/local/lib/node_modules/npm/bin/node-gyp-bin:/Users/bill/Project_robot/Web/Server/node_modules/sleep/node_modules/.bin:/Users/bill/Project_robot/Web/Server/node_modules/.bin:/usr/local/bin:/usr/bin:/bin:/usr/sbin:/sbin:/opt/X11/bin:/Applications/Wireshark.app/Contents/MacOS:/Applications/Postgres.app/Contents/Versions/latest/bin
300 verbose lifecycle sleep@5.1.1~install: CWD: /Users/bill/Project_robot/Web/Server/node_modules/sleep
301 silly lifecycle sleep@5.1.1~install: Args: [ '-c', 'node-gyp rebuild' ]
302 silly lifecycle sleep@5.1.1~install: Returned: code: 1  signal: null
303 info lifecycle sleep@5.1.1~install: Failed to exec install script
304 verbose unlock done using /Users/bill/.npm/_locks/staging-2554a173bcd56322.lock for /Users/bill/Project_robot/Web/Server/node_modules/.staging
305 silly rollbackFailedOptional Starting
306 silly rollbackFailedOptional Finishing
307 silly runTopLevelLifecycles Finishing
308 silly install printInstalled
309 verbose stack Error: sleep@5.1.1 install: `node-gyp rebuild`
309 verbose stack Exit status 1
309 verbose stack     at EventEmitter.<anonymous> (/usr/local/lib/node_modules/npm/lib/utils/lifecycle.js:255:16)
309 verbose stack     at emitTwo (events.js:106:13)
309 verbose stack     at EventEmitter.emit (events.js:191:7)
309 verbose stack     at ChildProcess.<anonymous> (/usr/local/lib/node_modules/npm/lib/utils/spawn.js:40:14)
309 verbose stack     at emitTwo (events.js:106:13)
309 verbose stack     at ChildProcess.emit (events.js:191:7)
309 verbose stack     at maybeClose (internal/child_process.js:877:16)
309 verbose stack     at Process.ChildProcess._handle.onexit (internal/child_process.js:226:5)
310 verbose pkgid sleep@5.1.1
311 verbose cwd /Users/bill/Project_robot/Web/Server
312 error Darwin 17.2.0
313 error argv "/usr/local/bin/node" "/usr/local/bin/npm" "install"
314 error node v6.9.2
315 error npm  v3.10.9
316 error code ELIFECYCLE
317 error sleep@5.1.1 install: `node-gyp rebuild`
317 error Exit status 1
318 error Failed at the sleep@5.1.1 install script 'node-gyp rebuild'.
318 error Make sure you have the latest version of node.js and npm installed.
318 error If you do, this is most likely a problem with the sleep package,
318 error not with npm itself.
318 error Tell the author that this fails on your system:
318 error     node-gyp rebuild
318 error You can get information on how to open an issue for this project with:
318 error     npm bugs sleep
318 error Or if that isn't available, you can get their info via:
318 error     npm owner ls sleep
318 error There is likely additional logging output above.
319 verbose exit [ 1, true ]
